INFO: [Common 17-3922] A valid Vivado Design Suite BASIC license has been detected. Your current license is active and will expire on 24-jun-2027.
#-----------------------------------------------------------
# Vivado v2026.1 (64-bit)
# SW Build 6511674 on Tue Jun 16 11:02:23 MDT 2026
# IP Build 6504888 on Tue Jun 09 09:05:25 MDT 2026
# SharedData Build 6501428 on Mon Jun 08 17:34:18 MDT 2026
# Start of session at: Fri Jun 26 17:33:27 2026
# Process ID         : 20316
# Current directory  : D:/Downloads/ha_tff/Engineering_History/08_Synthesis/synth006
# Command line       : vivado.exe -mode batch -source synth.tcl
# Log file           : D:/Downloads/ha_tff/Engineering_History/08_Synthesis/synth006/vivado.log
# Journal file       : D:/Downloads/ha_tff/Engineering_History/08_Synthesis/synth006\vivado.jou
# Running On         : LAPTOP-16MV5P3N
# Platform           : Windows 11
# Operating System   : 22631
# Processor Detail   : 11th Gen Intel(R) Core(TM) i5-1135G7 @ 2.40GHz
# CPU Frequency      : 2419 MHz
# CPU Physical cores : 4
# CPU Logical cores  : 8
# Host memory        : 8362 MB
# Swap memory        : 12822 MB
# Total Virtual      : 21185 MB
# Available Virtual  : 12540 MB
#-----------------------------------------------------------
source synth.tcl
# create_project -in_memory -part xc7a100tcsg324-1
create_project: Time (s): cpu = 00:00:04 ; elapsed = 00:00:09 . Memory (MB): peak = 587.703 ; gain = 271.984
# read_verilog ../../05_RTL/rtl_v006/snn_tff_neuron.v
# read_verilog ../../05_RTL/rtl_v006/snn_tff_layer.v
# synth_design -top snn_tff_layer -part xc7a100tcsg324-1
Command: synth_design -top snn_tff_layer -part xc7a100tcsg324-1
Starting synth_design
Attempting to get a license for feature 'Vivado_Synthesis' and/or device 'xc7a100t'
INFO: [Common 17-349] Got license for feature 'Vivado_Synthesis' and/or device 'xc7a100t'
INFO: [Synth 8-7079] Multithreading enabled for synth_design using a maximum of 2 processes.
INFO: [Synth 8-7078] Launching helper process for spawning children vivado processes
INFO: [Synth 8-7075] Helper process launched with PID 3324
---------------------------------------------------------------------------------
Starting Synthesize : Time (s): cpu = 00:00:05 ; elapsed = 00:00:07 . Memory (MB): peak = 1164.969 ; gain = 570.305
---------------------------------------------------------------------------------
INFO: [Synth 8-6157] synthesizing module 'snn_tff_layer' [D:/Downloads/ha_tff/Engineering_History/05_RTL/rtl_v006/snn_tff_layer.v:6]
INFO: [Synth 8-6157] synthesizing module 'snn_tff_neuron' [D:/Downloads/ha_tff/Engineering_History/05_RTL/rtl_v006/snn_tff_neuron.v:9]
	Parameter DATA_WIDTH bound to: 16 - type: integer 
	Parameter LEAK_SHIFT bound to: 3 - type: integer 
	Parameter THRESHOLD bound to: 16'b0000000100101100 
INFO: [Synth 8-6155] done synthesizing module 'snn_tff_neuron' (0#1) [D:/Downloads/ha_tff/Engineering_History/05_RTL/rtl_v006/snn_tff_neuron.v:9]
INFO: [Synth 8-6155] done synthesizing module 'snn_tff_layer' (0#1) [D:/Downloads/ha_tff/Engineering_History/05_RTL/rtl_v006/snn_tff_layer.v:6]
---------------------------------------------------------------------------------
Finished Synthesize : Time (s): cpu = 00:00:06 ; elapsed = 00:00:09 . Memory (MB): peak = 1283.641 ; gain = 688.977
---------------------------------------------------------------------------------
---------------------------------------------------------------------------------
Finished Constraint Validation : Time (s): cpu = 00:00:06 ; elapsed = 00:00:10 . Memory (MB): peak = 1283.641 ; gain = 688.977
---------------------------------------------------------------------------------
---------------------------------------------------------------------------------
Start Loading Part and Timing Information
---------------------------------------------------------------------------------
Loading part: xc7a100tcsg324-1
---------------------------------------------------------------------------------
INFO: [Device 21-403] Loading part xc7a100tcsg324-1
Finished Loading Part and Timing Information : Time (s): cpu = 00:00:06 ; elapsed = 00:00:10 . Memory (MB): peak = 1283.641 ; gain = 688.977
---------------------------------------------------------------------------------
---------------------------------------------------------------------------------
Finished RTL Optimization Phase 2 : Time (s): cpu = 00:00:07 ; elapsed = 00:00:10 . Memory (MB): peak = 1283.641 ; gain = 688.977
---------------------------------------------------------------------------------
No constraint files found.
---------------------------------------------------------------------------------
Start RTL Component Statistics 
---------------------------------------------------------------------------------
Detailed RTL Component Info : 
+---Adders : 
	   4 Input   16 Bit       Adders := 2     
	   2 Input   16 Bit       Adders := 2     
	   6 Input   16 Bit       Adders := 1     
	   7 Input   16 Bit       Adders := 1     
+---Registers : 
	               16 Bit    Registers := 4     
	                1 Bit    Registers := 5     
+---Muxes : 
	   2 Input   16 Bit        Muxes := 2     
	   2 Input    7 Bit        Muxes := 2     
	   2 Input    1 Bit        Muxes := 4     
---------------------------------------------------------------------------------
Finished RTL Component Statistics 
---------------------------------------------------------------------------------
---------------------------------------------------------------------------------
Start Part Resource Summary
---------------------------------------------------------------------------------
Part Resources:
DSPs: 240 (col length:80)
BRAMs: 270 (col length: RAMB18 80 RAMB36 40)
---------------------------------------------------------------------------------
Finished Part Resource Summary
---------------------------------------------------------------------------------
No constraint files found.
---------------------------------------------------------------------------------
Start Cross Boundary and Area Optimization
---------------------------------------------------------------------------------
---------------------------------------------------------------------------------
Finished Cross Boundary and Area Optimization : Time (s): cpu = 00:00:09 ; elapsed = 00:00:17 . Memory (MB): peak = 1512.348 ; gain = 917.684
---------------------------------------------------------------------------------
No constraint files found.
---------------------------------------------------------------------------------
Start Timing Optimization
---------------------------------------------------------------------------------
---------------------------------------------------------------------------------
Finished Timing Optimization : Time (s): cpu = 00:00:09 ; elapsed = 00:00:17 . Memory (MB): peak = 1512.348 ; gain = 917.684
---------------------------------------------------------------------------------
---------------------------------------------------------------------------------
Start Technology Mapping
---------------------------------------------------------------------------------
---------------------------------------------------------------------------------
Finished Technology Mapping : Time (s): cpu = 00:00:09 ; elapsed = 00:00:17 . Memory (MB): peak = 1512.348 ; gain = 917.684
---------------------------------------------------------------------------------
---------------------------------------------------------------------------------
Start IO Insertion
---------------------------------------------------------------------------------
---------------------------------------------------------------------------------
Start Flattening Before IO Insertion
---------------------------------------------------------------------------------
---------------------------------------------------------------------------------
Finished Flattening Before IO Insertion
---------------------------------------------------------------------------------
---------------------------------------------------------------------------------
Start Final Netlist Cleanup
---------------------------------------------------------------------------------
---------------------------------------------------------------------------------
Finished Final Netlist Cleanup
---------------------------------------------------------------------------------
---------------------------------------------------------------------------------
Finished IO Insertion : Time (s): cpu = 00:00:13 ; elapsed = 00:00:22 . Memory (MB): peak = 1768.699 ; gain = 1174.035
---------------------------------------------------------------------------------
---------------------------------------------------------------------------------
Start Renaming Generated Instances
---------------------------------------------------------------------------------
---------------------------------------------------------------------------------
Finished Renaming Generated Instances : Time (s): cpu = 00:00:13 ; elapsed = 00:00:22 . Memory (MB): peak = 1768.699 ; gain = 1174.035
---------------------------------------------------------------------------------
---------------------------------------------------------------------------------
Start Rebuilding User Hierarchy
---------------------------------------------------------------------------------
---------------------------------------------------------------------------------
Finished Rebuilding User Hierarchy : Time (s): cpu = 00:00:13 ; elapsed = 00:00:22 . Memory (MB): peak = 1768.699 ; gain = 1174.035
---------------------------------------------------------------------------------
---------------------------------------------------------------------------------
Start Renaming Generated Ports
---------------------------------------------------------------------------------
---------------------------------------------------------------------------------
Finished Renaming Generated Ports : Time (s): cpu = 00:00:13 ; elapsed = 00:00:22 . Memory (MB): peak = 1768.699 ; gain = 1174.035
---------------------------------------------------------------------------------
---------------------------------------------------------------------------------
Start Handling Custom Attributes
---------------------------------------------------------------------------------
---------------------------------------------------------------------------------
Finished Handling Custom Attributes : Time (s): cpu = 00:00:13 ; elapsed = 00:00:22 . Memory (MB): peak = 1768.699 ; gain = 1174.035
---------------------------------------------------------------------------------
---------------------------------------------------------------------------------
Start Renaming Generated Nets
---------------------------------------------------------------------------------
---------------------------------------------------------------------------------
Finished Renaming Generated Nets : Time (s): cpu = 00:00:13 ; elapsed = 00:00:22 . Memory (MB): peak = 1768.699 ; gain = 1174.035
---------------------------------------------------------------------------------
---------------------------------------------------------------------------------
Start Writing Synthesis Report
---------------------------------------------------------------------------------

Report BlackBoxes: 
+-+--------------+----------+
| |BlackBox name |Instances |
+-+--------------+----------+
+-+--------------+----------+

Report Cell Usage: 
+------+-------+------+
|      |Cell   |Count |
+------+-------+------+
|1     |BUFG   |     1|
|2     |CARRY4 |    20|
|3     |LUT1   |     5|
|4     |LUT2   |    19|
|5     |LUT3   |    35|
|6     |LUT4   |    20|
|7     |LUT5   |     9|
|8     |LUT6   |    34|
|9     |FDRE   |    60|
|10    |IBUF   |    11|
|11    |OBUF   |     3|
+------+-------+------+

Report Instance Areas: 
+------+-----------------+-----------------+------+
|      |Instance         |Module           |Cells |
+------+-----------------+-----------------+------+
|1     |top              |                 |   217|
|2     |  neuron_anomaly |snn_tff_neuron   |    55|
|3     |  neuron_safe    |snn_tff_neuron_0 |    57|
+------+-----------------+-----------------+------+
---------------------------------------------------------------------------------
Finished Writing Synthesis Report : Time (s): cpu = 00:00:13 ; elapsed = 00:00:22 . Memory (MB): peak = 1768.699 ; gain = 1174.035
---------------------------------------------------------------------------------
Synthesis finished with 0 errors, 0 critical warnings and 0 warnings.
Synthesis Optimization Runtime : Time (s): cpu = 00:00:13 ; elapsed = 00:00:22 . Memory (MB): peak = 1768.699 ; gain = 1174.035
Synthesis Optimization Complete : Time (s): cpu = 00:00:13 ; elapsed = 00:00:22 . Memory (MB): peak = 1768.699 ; gain = 1174.035
INFO: [Project 1-571] Translating synthesized netlist
Netlist sorting complete. Time (s): cpu = 00:00:00 ; elapsed = 00:00:00.004 . Memory (MB): peak = 1782.754 ; gain = 0.000
INFO: [Netlist 29-17] Analyzing 20 Unisim elements for replacement
INFO: [Netlist 29-28] Unisim Transformation completed in 0 CPU seconds
INFO: [Project 1-570] Preparing netlist for logic optimization
INFO: [Opt 31-138] Pushed 0 inverter(s) to 0 load pin(s).
Netlist sorting complete. Time (s): cpu = 00:00:00 ; elapsed = 00:00:00.001 . Memory (MB): peak = 1896.988 ; gain = 0.000
INFO: [Project 1-111] Unisim Transformation Summary:
No Unisim elements were transformed.

Synth Design complete | Checksum: a37ee097
INFO: [Common 17-83] Releasing license: Vivado_Synthesis
16 Infos, 0 Warnings, 0 Critical Warnings and 0 Errors encountered.
synth_design completed successfully
synth_design: Time (s): cpu = 00:00:15 ; elapsed = 00:00:27 . Memory (MB): peak = 1897.988 ; gain = 1310.285
# create_clock -period 6.400 -name clk [get_ports clk]
# report_utilization -file utilization_report.txt
# report_timing_summary -file ../../09_Timing/timing006/timing_summary.txt
INFO: [Timing 38-35] Done setting XDC timing constraints.
INFO: [Timing 38-91] UpdateTimingParams: Speed grade: -1, Delay Type: min_max.
INFO: [Timing 38-191] Multithreading enabled for timing update using a maximum of 2 CPUs
report_timing_summary: Time (s): cpu = 00:00:05 ; elapsed = 00:00:07 . Memory (MB): peak = 1897.988 ; gain = 0.000
# write_checkpoint -force snn_tff_layer_synth.dcp
INFO: [Timing 38-480] Writing timing data to binary archive.
Write ShapeDB Complete: Time (s): cpu = 00:00:00 ; elapsed = 00:00:00.010 . Memory (MB): peak = 1897.988 ; gain = 0.000
INFO: [Common 17-1381] The checkpoint 'D:/Downloads/ha_tff/Engineering_History/08_Synthesis/synth006/snn_tff_layer_synth.dcp' has been generated.
INFO: [Common 17-206] Exiting Vivado at Fri Jun 26 17:34:19 2026...
