INFO: [Common 17-3922] A valid Vivado Design Suite BASIC license has been detected. Your current license is active and will expire on 24-jun-2027.
#-----------------------------------------------------------
# Vivado v2026.1 (64-bit)
# SW Build 6511674 on Tue Jun 16 11:02:23 MDT 2026
# IP Build 6504888 on Tue Jun 09 09:05:25 MDT 2026
# SharedData Build 6501428 on Mon Jun 08 17:34:18 MDT 2026
# Start of session at: Fri Jun 26 18:02:37 2026
# Process ID         : 6416
# Current directory  : D:/Downloads/ha_tff/Engineering_History/08_Synthesis/synth012
# Command line       : vivado.exe -mode batch -source synth_sys_v004.tcl
# Log file           : D:/Downloads/ha_tff/Engineering_History/08_Synthesis/synth012/vivado.log
# Journal file       : D:/Downloads/ha_tff/Engineering_History/08_Synthesis/synth012\vivado.jou
# Running On         : LAPTOP-16MV5P3N
# Platform           : Windows 11
# Operating System   : 22631
# Processor Detail   : 11th Gen Intel(R) Core(TM) i5-1135G7 @ 2.40GHz
# CPU Frequency      : 2419 MHz
# CPU Physical cores : 4
# CPU Logical cores  : 8
# Host memory        : 8362 MB
# Swap memory        : 12822 MB
# Total Virtual      : 21185 MB
# Available Virtual  : 10367 MB
#-----------------------------------------------------------
source synth_sys_v004.tcl
# create_project -in_memory -part xc7a100tcsg324-1
create_project: Time (s): cpu = 00:00:04 ; elapsed = 00:00:11 . Memory (MB): peak = 583.910 ; gain = 267.129
# read_verilog ../../05_RTL/rtl_v001/ha_tff_parser_v001.v
# read_verilog ../../05_RTL/rtl_v002/ha_tff_parser_v002.v
# read_verilog ../../05_RTL/rtl_v003/ha_tff_hash_v001.v
# read_verilog ../../05_RTL/rtl_v004/ha_tff_bram_bank.v
# read_verilog ../../05_RTL/rtl_v005/ha_tff_matcher_v002.v
# read_verilog ../../05_RTL/rtl_v005/ha_tff_datapath_top_v002.v
# read_verilog ../../05_RTL/rtl_v009/snn_feature_encoder.v
# read_verilog ../../05_RTL/rtl_v011/axi_stream_delay_line.v
# read_verilog ../../05_RTL/rtl_v012/snn_tff_neuron_v004.v
# read_verilog ../../05_RTL/rtl_v012/snn_tff_layer_v004.v
# read_verilog ../../05_RTL/rtl_v012/ha_tff_system_top_v004.v
# synth_design -top ha_tff_system_top_v004 -part xc7a100tcsg324-1
Command: synth_design -top ha_tff_system_top_v004 -part xc7a100tcsg324-1
Starting synth_design
Attempting to get a license for feature 'Vivado_Synthesis' and/or device 'xc7a100t'
INFO: [Common 17-349] Got license for feature 'Vivado_Synthesis' and/or device 'xc7a100t'
INFO: [Synth 8-7079] Multithreading enabled for synth_design using a maximum of 2 processes.
INFO: [Synth 8-7078] Launching helper process for spawning children vivado processes
INFO: [Synth 8-7075] Helper process launched with PID 13912
---------------------------------------------------------------------------------
Starting Synthesize : Time (s): cpu = 00:00:03 ; elapsed = 00:00:09 . Memory (MB): peak = 1162.973 ; gain = 570.887
---------------------------------------------------------------------------------
INFO: [Synth 8-6157] synthesizing module 'ha_tff_system_top_v004' [D:/Downloads/ha_tff/Engineering_History/05_RTL/rtl_v012/ha_tff_system_top_v004.v:6]
INFO: [Synth 8-6157] synthesizing module 'ha_tff_parser_v002' [D:/Downloads/ha_tff/Engineering_History/05_RTL/rtl_v002/ha_tff_parser_v002.v:3]
INFO: [Synth 8-155] case statement is not full and has no default [D:/Downloads/ha_tff/Engineering_History/05_RTL/rtl_v002/ha_tff_parser_v002.v:61]
INFO: [Synth 8-6155] done synthesizing module 'ha_tff_parser_v002' (0#1) [D:/Downloads/ha_tff/Engineering_History/05_RTL/rtl_v002/ha_tff_parser_v002.v:3]
INFO: [Synth 8-6157] synthesizing module 'snn_feature_encoder' [D:/Downloads/ha_tff/Engineering_History/05_RTL/rtl_v009/snn_feature_encoder.v:6]
INFO: [Synth 8-6155] done synthesizing module 'snn_feature_encoder' (0#1) [D:/Downloads/ha_tff/Engineering_History/05_RTL/rtl_v009/snn_feature_encoder.v:6]
INFO: [Synth 8-6157] synthesizing module 'snn_tff_layer_v004' [D:/Downloads/ha_tff/Engineering_History/05_RTL/rtl_v012/snn_tff_layer_v004.v:6]
INFO: [Synth 8-6157] synthesizing module 'snn_tff_neuron_v004' [D:/Downloads/ha_tff/Engineering_History/05_RTL/rtl_v012/snn_tff_neuron_v004.v:6]
	Parameter DATA_WIDTH bound to: 16 - type: integer 
	Parameter LEAK_SHIFT bound to: 3 - type: integer 
	Parameter THRESHOLD bound to: 16'sb0000001111101000 
INFO: [Synth 8-6155] done synthesizing module 'snn_tff_neuron_v004' (0#1) [D:/Downloads/ha_tff/Engineering_History/05_RTL/rtl_v012/snn_tff_neuron_v004.v:6]
INFO: [Synth 8-6155] done synthesizing module 'snn_tff_layer_v004' (0#1) [D:/Downloads/ha_tff/Engineering_History/05_RTL/rtl_v012/snn_tff_layer_v004.v:6]
INFO: [Synth 8-6157] synthesizing module 'ha_tff_datapath_top_v002' [D:/Downloads/ha_tff/Engineering_History/05_RTL/rtl_v005/ha_tff_datapath_top_v002.v:3]
INFO: [Synth 8-6157] synthesizing module 'ha_tff_hash_v001' [D:/Downloads/ha_tff/Engineering_History/05_RTL/rtl_v003/ha_tff_hash_v001.v:3]
INFO: [Synth 8-6155] done synthesizing module 'ha_tff_hash_v001' (0#1) [D:/Downloads/ha_tff/Engineering_History/05_RTL/rtl_v003/ha_tff_hash_v001.v:3]
INFO: [Synth 8-6157] synthesizing module 'ha_tff_bram_bank' [D:/Downloads/ha_tff/Engineering_History/05_RTL/rtl_v004/ha_tff_bram_bank.v:3]
	Parameter INIT_FILE bound to: ../../07_Simulations/sim005/bank0.mem - type: string 
INFO: [Synth 8-3876] $readmem data file '../../07_Simulations/sim005/bank0.mem' is read successfully [D:/Downloads/ha_tff/Engineering_History/05_RTL/rtl_v004/ha_tff_bram_bank.v:23]
INFO: [Synth 8-6155] done synthesizing module 'ha_tff_bram_bank' (0#1) [D:/Downloads/ha_tff/Engineering_History/05_RTL/rtl_v004/ha_tff_bram_bank.v:3]
INFO: [Synth 8-6157] synthesizing module 'ha_tff_bram_bank__parameterized0' [D:/Downloads/ha_tff/Engineering_History/05_RTL/rtl_v004/ha_tff_bram_bank.v:3]
	Parameter INIT_FILE bound to: ../../07_Simulations/sim005/bank1.mem - type: string 
INFO: [Synth 8-3876] $readmem data file '../../07_Simulations/sim005/bank1.mem' is read successfully [D:/Downloads/ha_tff/Engineering_History/05_RTL/rtl_v004/ha_tff_bram_bank.v:23]
INFO: [Synth 8-6155] done synthesizing module 'ha_tff_bram_bank__parameterized0' (0#1) [D:/Downloads/ha_tff/Engineering_History/05_RTL/rtl_v004/ha_tff_bram_bank.v:3]
INFO: [Synth 8-6157] synthesizing module 'ha_tff_bram_bank__parameterized1' [D:/Downloads/ha_tff/Engineering_History/05_RTL/rtl_v004/ha_tff_bram_bank.v:3]
	Parameter INIT_FILE bound to: ../../07_Simulations/sim005/bank2.mem - type: string 
INFO: [Synth 8-3876] $readmem data file '../../07_Simulations/sim005/bank2.mem' is read successfully [D:/Downloads/ha_tff/Engineering_History/05_RTL/rtl_v004/ha_tff_bram_bank.v:23]
INFO: [Synth 8-6155] done synthesizing module 'ha_tff_bram_bank__parameterized1' (0#1) [D:/Downloads/ha_tff/Engineering_History/05_RTL/rtl_v004/ha_tff_bram_bank.v:3]
INFO: [Synth 8-6157] synthesizing module 'ha_tff_bram_bank__parameterized2' [D:/Downloads/ha_tff/Engineering_History/05_RTL/rtl_v004/ha_tff_bram_bank.v:3]
	Parameter INIT_FILE bound to: ../../07_Simulations/sim005/bank3.mem - type: string 
INFO: [Synth 8-3876] $readmem data file '../../07_Simulations/sim005/bank3.mem' is read successfully [D:/Downloads/ha_tff/Engineering_History/05_RTL/rtl_v004/ha_tff_bram_bank.v:23]
INFO: [Synth 8-6155] done synthesizing module 'ha_tff_bram_bank__parameterized2' (0#1) [D:/Downloads/ha_tff/Engineering_History/05_RTL/rtl_v004/ha_tff_bram_bank.v:3]
INFO: [Synth 8-6157] synthesizing module 'ha_tff_matcher_v002' [D:/Downloads/ha_tff/Engineering_History/05_RTL/rtl_v005/ha_tff_matcher_v002.v:3]
INFO: [Synth 8-6155] done synthesizing module 'ha_tff_matcher_v002' (0#1) [D:/Downloads/ha_tff/Engineering_History/05_RTL/rtl_v005/ha_tff_matcher_v002.v:3]
INFO: [Synth 8-6155] done synthesizing module 'ha_tff_datapath_top_v002' (0#1) [D:/Downloads/ha_tff/Engineering_History/05_RTL/rtl_v005/ha_tff_datapath_top_v002.v:3]
INFO: [Synth 8-6157] synthesizing module 'axi_stream_delay_line' [D:/Downloads/ha_tff/Engineering_History/05_RTL/rtl_v011/axi_stream_delay_line.v:6]
	Parameter LATENCY bound to: 6 - type: integer 
INFO: [Synth 8-6155] done synthesizing module 'axi_stream_delay_line' (0#1) [D:/Downloads/ha_tff/Engineering_History/05_RTL/rtl_v011/axi_stream_delay_line.v:6]
INFO: [Synth 8-6155] done synthesizing module 'ha_tff_system_top_v004' (0#1) [D:/Downloads/ha_tff/Engineering_History/05_RTL/rtl_v012/ha_tff_system_top_v004.v:6]
WARNING: [Synth 8-7129] Port b0_data[125] in module ha_tff_matcher_v002 is either unconnected or has no load
WARNING: [Synth 8-7129] Port b0_data[124] in module ha_tff_matcher_v002 is either unconnected or has no load
WARNING: [Synth 8-7129] Port b0_data[123] in module ha_tff_matcher_v002 is either unconnected or has no load
WARNING: [Synth 8-7129] Port b0_data[122] in module ha_tff_matcher_v002 is either unconnected or has no load
WARNING: [Synth 8-7129] Port b0_data[121] in module ha_tff_matcher_v002 is either unconnected or has no load
WARNING: [Synth 8-7129] Port b0_data[120] in module ha_tff_matcher_v002 is either unconnected or has no load
WARNING: [Synth 8-7129] Port b0_data[119] in module ha_tff_matcher_v002 is either unconnected or has no load
WARNING: [Synth 8-7129] Port b0_data[118] in module ha_tff_matcher_v002 is either unconnected or has no load
WARNING: [Synth 8-7129] Port b0_data[117] in module ha_tff_matcher_v002 is either unconnected or has no load
WARNING: [Synth 8-7129] Port b0_data[116] in module ha_tff_matcher_v002 is either unconnected or has no load
WARNING: [Synth 8-7129] Port b0_data[115] in module ha_tff_matcher_v002 is either unconnected or has no load
WARNING: [Synth 8-7129] Port b0_data[114] in module ha_tff_matcher_v002 is either unconnected or has no load
WARNING: [Synth 8-7129] Port b0_data[113] in module ha_tff_matcher_v002 is either unconnected or has no load
WARNING: [Synth 8-7129] Port b0_data[112] in module ha_tff_matcher_v002 is either unconnected or has no load
WARNING: [Synth 8-7129] Port b0_data[111] in module ha_tff_matcher_v002 is either unconnected or has no load
WARNING: [Synth 8-7129] Port b0_data[110] in module ha_tff_matcher_v002 is either unconnected or has no load
WARNING: [Synth 8-7129] Port b0_data[109] in module ha_tff_matcher_v002 is either unconnected or has no load
WARNING: [Synth 8-7129] Port b0_data[108] in module ha_tff_matcher_v002 is either unconnected or has no load
WARNING: [Synth 8-7129] Port b0_data[107] in module ha_tff_matcher_v002 is either unconnected or has no load
WARNING: [Synth 8-7129] Port b0_data[106] in module ha_tff_matcher_v002 is either unconnected or has no load
WARNING: [Synth 8-7129] Port b0_data[105] in module ha_tff_matcher_v002 is either unconnected or has no load
WARNING: [Synth 8-7129] Port b0_data[104] in module ha_tff_matcher_v002 is either unconnected or has no load
WARNING: [Synth 8-7129] Port b1_data[125] in module ha_tff_matcher_v002 is either unconnected or has no load
WARNING: [Synth 8-7129] Port b1_data[124] in module ha_tff_matcher_v002 is either unconnected or has no load
WARNING: [Synth 8-7129] Port b1_data[123] in module ha_tff_matcher_v002 is either unconnected or has no load
WARNING: [Synth 8-7129] Port b1_data[122] in module ha_tff_matcher_v002 is either unconnected or has no load
WARNING: [Synth 8-7129] Port b1_data[121] in module ha_tff_matcher_v002 is either unconnected or has no load
WARNING: [Synth 8-7129] Port b1_data[120] in module ha_tff_matcher_v002 is either unconnected or has no load
WARNING: [Synth 8-7129] Port b1_data[119] in module ha_tff_matcher_v002 is either unconnected or has no load
WARNING: [Synth 8-7129] Port b1_data[118] in module ha_tff_matcher_v002 is either unconnected or has no load
WARNING: [Synth 8-7129] Port b1_data[117] in module ha_tff_matcher_v002 is either unconnected or has no load
WARNING: [Synth 8-7129] Port b1_data[116] in module ha_tff_matcher_v002 is either unconnected or has no load
WARNING: [Synth 8-7129] Port b1_data[115] in module ha_tff_matcher_v002 is either unconnected or has no load
WARNING: [Synth 8-7129] Port b1_data[114] in module ha_tff_matcher_v002 is either unconnected or has no load
WARNING: [Synth 8-7129] Port b1_data[113] in module ha_tff_matcher_v002 is either unconnected or has no load
WARNING: [Synth 8-7129] Port b1_data[112] in module ha_tff_matcher_v002 is either unconnected or has no load
WARNING: [Synth 8-7129] Port b1_data[111] in module ha_tff_matcher_v002 is either unconnected or has no load
WARNING: [Synth 8-7129] Port b1_data[110] in module ha_tff_matcher_v002 is either unconnected or has no load
WARNING: [Synth 8-7129] Port b1_data[109] in module ha_tff_matcher_v002 is either unconnected or has no load
WARNING: [Synth 8-7129] Port b1_data[108] in module ha_tff_matcher_v002 is either unconnected or has no load
WARNING: [Synth 8-7129] Port b1_data[107] in module ha_tff_matcher_v002 is either unconnected or has no load
WARNING: [Synth 8-7129] Port b1_data[106] in module ha_tff_matcher_v002 is either unconnected or has no load
WARNING: [Synth 8-7129] Port b1_data[105] in module ha_tff_matcher_v002 is either unconnected or has no load
WARNING: [Synth 8-7129] Port b1_data[104] in module ha_tff_matcher_v002 is either unconnected or has no load
WARNING: [Synth 8-7129] Port b2_data[125] in module ha_tff_matcher_v002 is either unconnected or has no load
WARNING: [Synth 8-7129] Port b2_data[124] in module ha_tff_matcher_v002 is either unconnected or has no load
WARNING: [Synth 8-7129] Port b2_data[123] in module ha_tff_matcher_v002 is either unconnected or has no load
WARNING: [Synth 8-7129] Port b2_data[122] in module ha_tff_matcher_v002 is either unconnected or has no load
WARNING: [Synth 8-7129] Port b2_data[121] in module ha_tff_matcher_v002 is either unconnected or has no load
WARNING: [Synth 8-7129] Port b2_data[120] in module ha_tff_matcher_v002 is either unconnected or has no load
WARNING: [Synth 8-7129] Port b2_data[119] in module ha_tff_matcher_v002 is either unconnected or has no load
WARNING: [Synth 8-7129] Port b2_data[118] in module ha_tff_matcher_v002 is either unconnected or has no load
WARNING: [Synth 8-7129] Port b2_data[117] in module ha_tff_matcher_v002 is either unconnected or has no load
WARNING: [Synth 8-7129] Port b2_data[116] in module ha_tff_matcher_v002 is either unconnected or has no load
WARNING: [Synth 8-7129] Port b2_data[115] in module ha_tff_matcher_v002 is either unconnected or has no load
WARNING: [Synth 8-7129] Port b2_data[114] in module ha_tff_matcher_v002 is either unconnected or has no load
WARNING: [Synth 8-7129] Port b2_data[113] in module ha_tff_matcher_v002 is either unconnected or has no load
WARNING: [Synth 8-7129] Port b2_data[112] in module ha_tff_matcher_v002 is either unconnected or has no load
WARNING: [Synth 8-7129] Port b2_data[111] in module ha_tff_matcher_v002 is either unconnected or has no load
WARNING: [Synth 8-7129] Port b2_data[110] in module ha_tff_matcher_v002 is either unconnected or has no load
WARNING: [Synth 8-7129] Port b2_data[109] in module ha_tff_matcher_v002 is either unconnected or has no load
WARNING: [Synth 8-7129] Port b2_data[108] in module ha_tff_matcher_v002 is either unconnected or has no load
WARNING: [Synth 8-7129] Port b2_data[107] in module ha_tff_matcher_v002 is either unconnected or has no load
WARNING: [Synth 8-7129] Port b2_data[106] in module ha_tff_matcher_v002 is either unconnected or has no load
WARNING: [Synth 8-7129] Port b2_data[105] in module ha_tff_matcher_v002 is either unconnected or has no load
WARNING: [Synth 8-7129] Port b2_data[104] in module ha_tff_matcher_v002 is either unconnected or has no load
WARNING: [Synth 8-7129] Port b3_data[125] in module ha_tff_matcher_v002 is either unconnected or has no load
WARNING: [Synth 8-7129] Port b3_data[124] in module ha_tff_matcher_v002 is either unconnected or has no load
WARNING: [Synth 8-7129] Port b3_data[123] in module ha_tff_matcher_v002 is either unconnected or has no load
WARNING: [Synth 8-7129] Port b3_data[122] in module ha_tff_matcher_v002 is either unconnected or has no load
WARNING: [Synth 8-7129] Port b3_data[121] in module ha_tff_matcher_v002 is either unconnected or has no load
WARNING: [Synth 8-7129] Port b3_data[120] in module ha_tff_matcher_v002 is either unconnected or has no load
WARNING: [Synth 8-7129] Port b3_data[119] in module ha_tff_matcher_v002 is either unconnected or has no load
WARNING: [Synth 8-7129] Port b3_data[118] in module ha_tff_matcher_v002 is either unconnected or has no load
WARNING: [Synth 8-7129] Port b3_data[117] in module ha_tff_matcher_v002 is either unconnected or has no load
WARNING: [Synth 8-7129] Port b3_data[116] in module ha_tff_matcher_v002 is either unconnected or has no load
WARNING: [Synth 8-7129] Port b3_data[115] in module ha_tff_matcher_v002 is either unconnected or has no load
WARNING: [Synth 8-7129] Port b3_data[114] in module ha_tff_matcher_v002 is either unconnected or has no load
WARNING: [Synth 8-7129] Port b3_data[113] in module ha_tff_matcher_v002 is either unconnected or has no load
WARNING: [Synth 8-7129] Port b3_data[112] in module ha_tff_matcher_v002 is either unconnected or has no load
WARNING: [Synth 8-7129] Port b3_data[111] in module ha_tff_matcher_v002 is either unconnected or has no load
WARNING: [Synth 8-7129] Port b3_data[110] in module ha_tff_matcher_v002 is either unconnected or has no load
WARNING: [Synth 8-7129] Port b3_data[109] in module ha_tff_matcher_v002 is either unconnected or has no load
WARNING: [Synth 8-7129] Port b3_data[108] in module ha_tff_matcher_v002 is either unconnected or has no load
WARNING: [Synth 8-7129] Port b3_data[107] in module ha_tff_matcher_v002 is either unconnected or has no load
WARNING: [Synth 8-7129] Port b3_data[106] in module ha_tff_matcher_v002 is either unconnected or has no load
WARNING: [Synth 8-7129] Port b3_data[105] in module ha_tff_matcher_v002 is either unconnected or has no load
WARNING: [Synth 8-7129] Port b3_data[104] in module ha_tff_matcher_v002 is either unconnected or has no load
WARNING: [Synth 8-7129] Port s_axis_tkeep[7] in module ha_tff_parser_v002 is either unconnected or has no load
WARNING: [Synth 8-7129] Port s_axis_tkeep[6] in module ha_tff_parser_v002 is either unconnected or has no load
WARNING: [Synth 8-7129] Port s_axis_tkeep[5] in module ha_tff_parser_v002 is either unconnected or has no load
WARNING: [Synth 8-7129] Port s_axis_tkeep[4] in module ha_tff_parser_v002 is either unconnected or has no load
WARNING: [Synth 8-7129] Port s_axis_tkeep[3] in module ha_tff_parser_v002 is either unconnected or has no load
WARNING: [Synth 8-7129] Port s_axis_tkeep[2] in module ha_tff_parser_v002 is either unconnected or has no load
WARNING: [Synth 8-7129] Port s_axis_tkeep[1] in module ha_tff_parser_v002 is either unconnected or has no load
WARNING: [Synth 8-7129] Port s_axis_tkeep[0] in module ha_tff_parser_v002 is either unconnected or has no load
WARNING: [Synth 8-7129] Port src_ip[7] in module snn_feature_encoder is either unconnected or has no load
WARNING: [Synth 8-7129] Port src_ip[6] in module snn_feature_encoder is either unconnected or has no load
WARNING: [Synth 8-7129] Port src_ip[5] in module snn_feature_encoder is either unconnected or has no load
WARNING: [Synth 8-7129] Port src_ip[4] in module snn_feature_encoder is either unconnected or has no load
INFO: [Common 17-14] Message 'Synth 8-7129' appears 100 times and further instances of the messages will be disabled. Use the Tcl command set_msg_config to change the current settings.
---------------------------------------------------------------------------------
Finished Synthesize : Time (s): cpu = 00:00:05 ; elapsed = 00:00:13 . Memory (MB): peak = 1303.777 ; gain = 711.691
---------------------------------------------------------------------------------
---------------------------------------------------------------------------------
Finished Constraint Validation : Time (s): cpu = 00:00:05 ; elapsed = 00:00:14 . Memory (MB): peak = 1303.777 ; gain = 711.691
---------------------------------------------------------------------------------
---------------------------------------------------------------------------------
Start Loading Part and Timing Information
---------------------------------------------------------------------------------
Loading part: xc7a100tcsg324-1
---------------------------------------------------------------------------------
Finished Loading Part and Timing Information : Time (s): cpu = 00:00:05 ; elapsed = 00:00:14 . Memory (MB): peak = 1303.777 ; gain = 711.691
INFO: [Device 21-403] Loading part xc7a100tcsg324-1
---------------------------------------------------------------------------------
---------------------------------------------------------------------------------
Finished RTL Optimization Phase 2 : Time (s): cpu = 00:00:06 ; elapsed = 00:00:15 . Memory (MB): peak = 1305.555 ; gain = 713.469
---------------------------------------------------------------------------------
No constraint files found.
---------------------------------------------------------------------------------
Start RTL Component Statistics 
---------------------------------------------------------------------------------
Detailed RTL Component Info : 
+---Adders : 
	   4 Input   16 Bit       Adders := 2     
	   2 Input   16 Bit       Adders := 2     
	   6 Input   16 Bit       Adders := 1     
	   7 Input   16 Bit       Adders := 1     
	   2 Input    4 Bit       Adders := 2     
+---XORs : 
	   9 Input     12 Bit         XORs := 2     
	   4 Input     12 Bit         XORs := 2     
+---Registers : 
	              128 Bit    Registers := 4     
	              104 Bit    Registers := 3     
	               64 Bit    Registers := 6     
	               32 Bit    Registers := 4     
	               16 Bit    Registers := 12    
	               12 Bit    Registers := 4     
	                8 Bit    Registers := 9     
	                4 Bit    Registers := 2     
	                1 Bit    Registers := 53    
+---ROMs : 
	                    ROMs := 4     
+---Muxes : 
	   7 Input   32 Bit        Muxes := 2     
	   2 Input   16 Bit        Muxes := 12    
	   2 Input   12 Bit        Muxes := 2     
	   2 Input    8 Bit        Muxes := 2     
	   2 Input    7 Bit        Muxes := 2     
	   5 Input    4 Bit        Muxes := 2     
	   2 Input    4 Bit        Muxes := 1     
	   2 Input    1 Bit        Muxes := 26    
	   3 Input    1 Bit        Muxes := 2     
	   5 Input    1 Bit        Muxes := 12    
---------------------------------------------------------------------------------
Finished RTL Component Statistics 
---------------------------------------------------------------------------------
---------------------------------------------------------------------------------
Start Part Resource Summary
---------------------------------------------------------------------------------
Part Resources:
DSPs: 240 (col length:80)
BRAMs: 270 (col length: RAMB18 80 RAMB36 40)
---------------------------------------------------------------------------------
Finished Part Resource Summary
---------------------------------------------------------------------------------
No constraint files found.
---------------------------------------------------------------------------------
Start Cross Boundary and Area Optimization
---------------------------------------------------------------------------------
WARNING: [Synth 8-13373] Removed Macro Instance : datapath_insti_24/\datapath_inst/bank0/read_data_reg_12 , of type : RAMB36E1 in constant propagation
WARNING: [Synth 8-13373] Removed Macro Instance : datapath_insti_24/\datapath_inst/bank0/read_data_reg_12 , of type : RAMB36E1 in constant propagation
WARNING: [Synth 8-13373] Removed Macro Instance : datapath_insti_24/\datapath_inst/bank0/read_data_reg_13 , of type : RAMB36E1 in constant propagation
WARNING: [Synth 8-13373] Removed Macro Instance : datapath_insti_24/\datapath_inst/bank0/read_data_reg_13 , of type : RAMB36E1 in constant propagation
WARNING: [Synth 8-13373] Removed Macro Instance : datapath_insti_25/\datapath_inst/bank1/read_data_reg_12 , of type : RAMB36E1 in constant propagation
WARNING: [Synth 8-13373] Removed Macro Instance : datapath_insti_25/\datapath_inst/bank1/read_data_reg_12 , of type : RAMB36E1 in constant propagation
WARNING: [Synth 8-13373] Removed Macro Instance : datapath_insti_25/\datapath_inst/bank1/read_data_reg_13 , of type : RAMB36E1 in constant propagation
WARNING: [Synth 8-13373] Removed Macro Instance : datapath_insti_25/\datapath_inst/bank1/read_data_reg_13 , of type : RAMB36E1 in constant propagation
WARNING: [Synth 8-13373] Removed Macro Instance : datapath_insti_26/\datapath_inst/bank2/read_data_reg_12 , of type : RAMB36E1 in constant propagation
WARNING: [Synth 8-13373] Removed Macro Instance : datapath_insti_26/\datapath_inst/bank2/read_data_reg_12 , of type : RAMB36E1 in constant propagation
WARNING: [Synth 8-13373] Removed Macro Instance : datapath_insti_26/\datapath_inst/bank2/read_data_reg_13 , of type : RAMB36E1 in constant propagation
WARNING: [Synth 8-13373] Removed Macro Instance : datapath_insti_26/\datapath_inst/bank2/read_data_reg_13 , of type : RAMB36E1 in constant propagation
WARNING: [Synth 8-13373] Removed Macro Instance : datapath_insti_27/\datapath_inst/bank3/read_data_reg_12 , of type : RAMB36E1 in constant propagation
WARNING: [Synth 8-13373] Removed Macro Instance : datapath_insti_27/\datapath_inst/bank3/read_data_reg_12 , of type : RAMB36E1 in constant propagation
WARNING: [Synth 8-13373] Removed Macro Instance : datapath_insti_27/\datapath_inst/bank3/read_data_reg_13 , of type : RAMB36E1 in constant propagation
WARNING: [Synth 8-13373] Removed Macro Instance : datapath_insti_27/\datapath_inst/bank3/read_data_reg_13 , of type : RAMB36E1 in constant propagation
---------------------------------------------------------------------------------
Finished Cross Boundary and Area Optimization : Time (s): cpu = 00:00:09 ; elapsed = 00:00:24 . Memory (MB): peak = 1536.172 ; gain = 944.086
---------------------------------------------------------------------------------
No constraint files found.
---------------------------------------------------------------------------------
Start Timing Optimization
---------------------------------------------------------------------------------
---------------------------------------------------------------------------------
Finished Timing Optimization : Time (s): cpu = 00:00:09 ; elapsed = 00:00:24 . Memory (MB): peak = 1536.172 ; gain = 944.086
---------------------------------------------------------------------------------
---------------------------------------------------------------------------------
Start Technology Mapping
---------------------------------------------------------------------------------
INFO: [Synth 8-7052] The timing for the instance datapath_inst/bank0/read_data_reg_0 (implemented as a Block RAM) might be sub-optimal as no optional output register could be merged into the ram block. Providing additional output register may help in improving timing.
INFO: [Synth 8-7052] The timing for the instance datapath_inst/bank0/read_data_reg_1 (implemented as a Block RAM) might be sub-optimal as no optional output register could be merged into the ram block. Providing additional output register may help in improving timing.
INFO: [Synth 8-7052] The timing for the instance datapath_inst/bank0/read_data_reg_2 (implemented as a Block RAM) might be sub-optimal as no optional output register could be merged into the ram block. Providing additional output register may help in improving timing.
INFO: [Synth 8-7052] The timing for the instance datapath_inst/bank0/read_data_reg_3 (implemented as a Block RAM) might be sub-optimal as no optional output register could be merged into the ram block. Providing additional output register may help in improving timing.
INFO: [Synth 8-7052] The timing for the instance datapath_inst/bank0/read_data_reg_4 (implemented as a Block RAM) might be sub-optimal as no optional output register could be merged into the ram block. Providing additional output register may help in improving timing.
INFO: [Synth 8-7052] The timing for the instance datapath_inst/bank0/read_data_reg_5 (implemented as a Block RAM) might be sub-optimal as no optional output register could be merged into the ram block. Providing additional output register may help in improving timing.
INFO: [Synth 8-7052] The timing for the instance datapath_inst/bank0/read_data_reg_5 (implemented as a Block RAM) might be sub-optimal as no optional output register could be merged into the ram block. Providing additional output register may help in improving timing.
INFO: [Synth 8-7052] The timing for the instance datapath_inst/bank0/read_data_reg_6 (implemented as a Block RAM) might be sub-optimal as no optional output register could be merged into the ram block. Providing additional output register may help in improving timing.
INFO: [Synth 8-7052] The timing for the instance datapath_inst/bank0/read_data_reg_6 (implemented as a Block RAM) might be sub-optimal as no optional output register could be merged into the ram block. Providing additional output register may help in improving timing.
INFO: [Synth 8-7052] The timing for the instance datapath_inst/bank0/read_data_reg_7 (implemented as a Block RAM) might be sub-optimal as no optional output register could be merged into the ram block. Providing additional output register may help in improving timing.
INFO: [Synth 8-7052] The timing for the instance datapath_inst/bank0/read_data_reg_8 (implemented as a Block RAM) might be sub-optimal as no optional output register could be merged into the ram block. Providing additional output register may help in improving timing.
INFO: [Synth 8-7052] The timing for the instance datapath_inst/bank0/read_data_reg_9 (implemented as a Block RAM) might be sub-optimal as no optional output register could be merged into the ram block. Providing additional output register may help in improving timing.
INFO: [Synth 8-7052] The timing for the instance datapath_inst/bank0/read_data_reg_10 (implemented as a Block RAM) might be sub-optimal as no optional output register could be merged into the ram block. Providing additional output register may help in improving timing.
INFO: [Synth 8-7052] The timing for the instance datapath_inst/bank0/read_data_reg_11 (implemented as a Block RAM) might be sub-optimal as no optional output register could be merged into the ram block. Providing additional output register may help in improving timing.
INFO: [Synth 8-7052] The timing for the instance datapath_inst/bank0/read_data_reg_14 (implemented as a Block RAM) might be sub-optimal as no optional output register could be merged into the ram block. Providing additional output register may help in improving timing.
INFO: [Synth 8-7052] The timing for the instance datapath_inst/bank1/read_data_reg_0 (implemented as a Block RAM) might be sub-optimal as no optional output register could be merged into the ram block. Providing additional output register may help in improving timing.
INFO: [Synth 8-7052] The timing for the instance datapath_inst/bank1/read_data_reg_0 (implemented as a Block RAM) might be sub-optimal as no optional output register could be merged into the ram block. Providing additional output register may help in improving timing.
INFO: [Synth 8-7052] The timing for the instance datapath_inst/bank1/read_data_reg_1 (implemented as a Block RAM) might be sub-optimal as no optional output register could be merged into the ram block. Providing additional output register may help in improving timing.
INFO: [Synth 8-7052] The timing for the instance datapath_inst/bank1/read_data_reg_1 (implemented as a Block RAM) might be sub-optimal as no optional output register could be merged into the ram block. Providing additional output register may help in improving timing.
INFO: [Synth 8-7052] The timing for the instance datapath_inst/bank1/read_data_reg_2 (implemented as a Block RAM) might be sub-optimal as no optional output register could be merged into the ram block. Providing additional output register may help in improving timing.
INFO: [Synth 8-7052] The timing for the instance datapath_inst/bank1/read_data_reg_2 (implemented as a Block RAM) might be sub-optimal as no optional output register could be merged into the ram block. Providing additional output register may help in improving timing.
INFO: [Synth 8-7052] The timing for the instance datapath_inst/bank1/read_data_reg_3 (implemented as a Block RAM) might be sub-optimal as no optional output register could be merged into the ram block. Providing additional output register may help in improving timing.
INFO: [Synth 8-7052] The timing for the instance datapath_inst/bank1/read_data_reg_3 (implemented as a Block RAM) might be sub-optimal as no optional output register could be merged into the ram block. Providing additional output register may help in improving timing.
INFO: [Synth 8-7052] The timing for the instance datapath_inst/bank1/read_data_reg_4 (implemented as a Block RAM) might be sub-optimal as no optional output register could be merged into the ram block. Providing additional output register may help in improving timing.
INFO: [Synth 8-7052] The timing for the instance datapath_inst/bank1/read_data_reg_4 (implemented as a Block RAM) might be sub-optimal as no optional output register could be merged into the ram block. Providing additional output register may help in improving timing.
INFO: [Synth 8-7052] The timing for the instance datapath_inst/bank1/read_data_reg_7 (implemented as a Block RAM) might be sub-optimal as no optional output register could be merged into the ram block. Providing additional output register may help in improving timing.
INFO: [Synth 8-7052] The timing for the instance datapath_inst/bank1/read_data_reg_7 (implemented as a Block RAM) might be sub-optimal as no optional output register could be merged into the ram block. Providing additional output register may help in improving timing.
INFO: [Synth 8-7052] The timing for the instance datapath_inst/bank1/read_data_reg_8 (implemented as a Block RAM) might be sub-optimal as no optional output register could be merged into the ram block. Providing additional output register may help in improving timing.
INFO: [Synth 8-7052] The timing for the instance datapath_inst/bank1/read_data_reg_8 (implemented as a Block RAM) might be sub-optimal as no optional output register could be merged into the ram block. Providing additional output register may help in improving timing.
INFO: [Synth 8-7052] The timing for the instance datapath_inst/bank1/read_data_reg_9 (implemented as a Block RAM) might be sub-optimal as no optional output register could be merged into the ram block. Providing additional output register may help in improving timing.
INFO: [Synth 8-7052] The timing for the instance datapath_inst/bank1/read_data_reg_9 (implemented as a Block RAM) might be sub-optimal as no optional output register could be merged into the ram block. Providing additional output register may help in improving timing.
INFO: [Synth 8-7052] The timing for the instance datapath_inst/bank1/read_data_reg_10 (implemented as a Block RAM) might be sub-optimal as no optional output register could be merged into the ram block. Providing additional output register may help in improving timing.
INFO: [Synth 8-7052] The timing for the instance datapath_inst/bank1/read_data_reg_10 (implemented as a Block RAM) might be sub-optimal as no optional output register could be merged into the ram block. Providing additional output register may help in improving timing.
INFO: [Synth 8-7052] The timing for the instance datapath_inst/bank1/read_data_reg_11 (implemented as a Block RAM) might be sub-optimal as no optional output register could be merged into the ram block. Providing additional output register may help in improving timing.
INFO: [Synth 8-7052] The timing for the instance datapath_inst/bank1/read_data_reg_11 (implemented as a Block RAM) might be sub-optimal as no optional output register could be merged into the ram block. Providing additional output register may help in improving timing.
INFO: [Synth 8-7052] The timing for the instance datapath_inst/bank1/read_data_reg_14 (implemented as a Block RAM) might be sub-optimal as no optional output register could be merged into the ram block. Providing additional output register may help in improving timing.
INFO: [Synth 8-7052] The timing for the instance datapath_inst/bank1/read_data_reg_14 (implemented as a Block RAM) might be sub-optimal as no optional output register could be merged into the ram block. Providing additional output register may help in improving timing.
INFO: [Synth 8-7052] The timing for the instance datapath_inst/bank2/read_data_reg_5 (implemented as a Block RAM) might be sub-optimal as no optional output register could be merged into the ram block. Providing additional output register may help in improving timing.
INFO: [Synth 8-7052] The timing for the instance datapath_inst/bank2/read_data_reg_5 (implemented as a Block RAM) might be sub-optimal as no optional output register could be merged into the ram block. Providing additional output register may help in improving timing.
INFO: [Synth 8-7052] The timing for the instance datapath_inst/bank2/read_data_reg_6 (implemented as a Block RAM) might be sub-optimal as no optional output register could be merged into the ram block. Providing additional output register may help in improving timing.
INFO: [Synth 8-7052] The timing for the instance datapath_inst/bank2/read_data_reg_6 (implemented as a Block RAM) might be sub-optimal as no optional output register could be merged into the ram block. Providing additional output register may help in improving timing.
INFO: [Synth 8-7052] The timing for the instance datapath_inst/bank3/read_data_reg_0 (implemented as a Block RAM) might be sub-optimal as no optional output register could be merged into the ram block. Providing additional output register may help in improving timing.
INFO: [Synth 8-7052] The timing for the instance datapath_inst/bank3/read_data_reg_1 (implemented as a Block RAM) might be sub-optimal as no optional output register could be merged into the ram block. Providing additional output register may help in improving timing.
INFO: [Synth 8-7052] The timing for the instance datapath_inst/bank3/read_data_reg_2 (implemented as a Block RAM) might be sub-optimal as no optional output register could be merged into the ram block. Providing additional output register may help in improving timing.
INFO: [Synth 8-7052] The timing for the instance datapath_inst/bank3/read_data_reg_3 (implemented as a Block RAM) might be sub-optimal as no optional output register could be merged into the ram block. Providing additional output register may help in improving timing.
INFO: [Synth 8-7052] The timing for the instance datapath_inst/bank3/read_data_reg_4 (implemented as a Block RAM) might be sub-optimal as no optional output register could be merged into the ram block. Providing additional output register may help in improving timing.
INFO: [Synth 8-7052] The timing for the instance datapath_inst/bank3/read_data_reg_7 (implemented as a Block RAM) might be sub-optimal as no optional output register could be merged into the ram block. Providing additional output register may help in improving timing.
INFO: [Synth 8-7052] The timing for the instance datapath_inst/bank3/read_data_reg_8 (implemented as a Block RAM) might be sub-optimal as no optional output register could be merged into the ram block. Providing additional output register may help in improving timing.
INFO: [Synth 8-7052] The timing for the instance datapath_inst/bank3/read_data_reg_9 (implemented as a Block RAM) might be sub-optimal as no optional output register could be merged into the ram block. Providing additional output register may help in improving timing.
INFO: [Synth 8-7052] The timing for the instance datapath_inst/bank3/read_data_reg_10 (implemented as a Block RAM) might be sub-optimal as no optional output register could be merged into the ram block. Providing additional output register may help in improving timing.
INFO: [Synth 8-7052] The timing for the instance datapath_inst/bank3/read_data_reg_11 (implemented as a Block RAM) might be sub-optimal as no optional output register could be merged into the ram block. Providing additional output register may help in improving timing.
INFO: [Synth 8-7052] The timing for the instance datapath_inst/bank3/read_data_reg_14 (implemented as a Block RAM) might be sub-optimal as no optional output register could be merged into the ram block. Providing additional output register may help in improving timing.
---------------------------------------------------------------------------------
Finished Technology Mapping : Time (s): cpu = 00:00:13 ; elapsed = 00:00:30 . Memory (MB): peak = 1536.172 ; gain = 944.086
---------------------------------------------------------------------------------
---------------------------------------------------------------------------------
Start IO Insertion
---------------------------------------------------------------------------------
---------------------------------------------------------------------------------
Start Flattening Before IO Insertion
---------------------------------------------------------------------------------
---------------------------------------------------------------------------------
Finished Flattening Before IO Insertion
---------------------------------------------------------------------------------
---------------------------------------------------------------------------------
Start Final Netlist Cleanup
---------------------------------------------------------------------------------
INFO: [Synth 8-223] decloning instance 'datapath_inst/bank0/read_data_reg_6' (RAMB36E1) to 'datapath_inst/bank0/read_data_reg_5'
INFO: [Synth 8-223] decloning instance 'datapath_inst/bank1/read_data_reg_0' (RAMB36E1) to 'datapath_inst/bank1/read_data_reg_1'
INFO: [Synth 8-223] decloning instance 'datapath_inst/bank1/read_data_reg_1' (RAMB36E1) to 'datapath_inst/bank1/read_data_reg_2'
INFO: [Synth 8-223] decloning instance 'datapath_inst/bank1/read_data_reg_2' (RAMB36E1) to 'datapath_inst/bank1/read_data_reg_3'
INFO: [Synth 8-223] decloning instance 'datapath_inst/bank1/read_data_reg_3' (RAMB36E1) to 'datapath_inst/bank1/read_data_reg_4'
INFO: [Synth 8-223] decloning instance 'datapath_inst/bank1/read_data_reg_4' (RAMB36E1) to 'datapath_inst/bank1/read_data_reg_7'
INFO: [Synth 8-223] decloning instance 'datapath_inst/bank1/read_data_reg_7' (RAMB36E1) to 'datapath_inst/bank1/read_data_reg_8'
INFO: [Synth 8-223] decloning instance 'datapath_inst/bank1/read_data_reg_8' (RAMB36E1) to 'datapath_inst/bank1/read_data_reg_9'
INFO: [Synth 8-223] decloning instance 'datapath_inst/bank1/read_data_reg_9' (RAMB36E1) to 'datapath_inst/bank1/read_data_reg_10'
INFO: [Synth 8-223] decloning instance 'datapath_inst/bank1/read_data_reg_10' (RAMB36E1) to 'datapath_inst/bank1/read_data_reg_11'
INFO: [Synth 8-223] decloning instance 'datapath_inst/bank2/read_data_reg_5' (RAMB36E1) to 'datapath_inst/bank2/read_data_reg_6'
---------------------------------------------------------------------------------
Finished Final Netlist Cleanup
---------------------------------------------------------------------------------
---------------------------------------------------------------------------------
Finished IO Insertion : Time (s): cpu = 00:00:17 ; elapsed = 00:00:40 . Memory (MB): peak = 1782.762 ; gain = 1190.676
---------------------------------------------------------------------------------
---------------------------------------------------------------------------------
Start Renaming Generated Instances
---------------------------------------------------------------------------------
---------------------------------------------------------------------------------
Finished Renaming Generated Instances : Time (s): cpu = 00:00:17 ; elapsed = 00:00:40 . Memory (MB): peak = 1782.762 ; gain = 1190.676
---------------------------------------------------------------------------------
---------------------------------------------------------------------------------
Start Rebuilding User Hierarchy
---------------------------------------------------------------------------------
---------------------------------------------------------------------------------
Finished Rebuilding User Hierarchy : Time (s): cpu = 00:00:17 ; elapsed = 00:00:40 . Memory (MB): peak = 1782.762 ; gain = 1190.676
---------------------------------------------------------------------------------
---------------------------------------------------------------------------------
Start Renaming Generated Ports
---------------------------------------------------------------------------------
---------------------------------------------------------------------------------
Finished Renaming Generated Ports : Time (s): cpu = 00:00:17 ; elapsed = 00:00:40 . Memory (MB): peak = 1782.762 ; gain = 1190.676
---------------------------------------------------------------------------------
---------------------------------------------------------------------------------
Start Handling Custom Attributes
---------------------------------------------------------------------------------
---------------------------------------------------------------------------------
Finished Handling Custom Attributes : Time (s): cpu = 00:00:18 ; elapsed = 00:00:40 . Memory (MB): peak = 1783.777 ; gain = 1191.691
---------------------------------------------------------------------------------
---------------------------------------------------------------------------------
Start Renaming Generated Nets
---------------------------------------------------------------------------------
---------------------------------------------------------------------------------
Finished Renaming Generated Nets : Time (s): cpu = 00:00:18 ; elapsed = 00:00:40 . Memory (MB): peak = 1783.777 ; gain = 1191.691
---------------------------------------------------------------------------------
---------------------------------------------------------------------------------
Start ROM, RAM, DSP, Shift Register and Retiming Reporting
---------------------------------------------------------------------------------

Static Shift Register Report:
+-----------------------+---------------------------------------+--------+-------+--------------+--------------------+-------------------+--------+---------+
|Module Name            | RTL Name                              | Length | Width | Reset Signal | Pull out first Reg | Pull out last Reg | SRL16E | SRLC32E | 
+-----------------------+---------------------------------------+--------+-------+--------------+--------------------+-------------------+--------+---------+
|ha_tff_system_top_v004 | data_delay_inst/tdata_pipe_reg[5][63] | 6      | 64    | YES          | NO                 | YES               | 64     | 0       | 
|ha_tff_system_top_v004 | data_delay_inst/tkeep_pipe_reg[5][7]  | 6      | 8     | YES          | NO                 | YES               | 8      | 0       | 
|ha_tff_system_top_v004 | data_delay_inst/tlast_pipe_reg[5]     | 6      | 1     | YES          | NO                 | YES               | 1      | 0       | 
|ha_tff_system_top_v004 | data_delay_inst/tvalid_pipe_reg[5]    | 6      | 1     | YES          | NO                 | YES               | 1      | 0       | 
+-----------------------+---------------------------------------+--------+-------+--------------+--------------------+-------------------+--------+---------+

---------------------------------------------------------------------------------
Finished ROM, RAM, DSP, Shift Register and Retiming Reporting
---------------------------------------------------------------------------------
---------------------------------------------------------------------------------
Start Writing Synthesis Report
---------------------------------------------------------------------------------

Report BlackBoxes: 
+-+--------------+----------+
| |BlackBox name |Instances |
+-+--------------+----------+
+-+--------------+----------+

Report Cell Usage: 
+------+---------+------+
|      |Cell     |Count |
+------+---------+------+
|1     |BUFG     |     1|
|2     |CARRY4   |    63|
|3     |LUT1     |    12|
|4     |LUT2     |   183|
|5     |LUT3     |    22|
|6     |LUT4     |    68|
|7     |LUT5     |    49|
|8     |LUT6     |   198|
|9     |RAMB18E1 |     3|
|10    |RAMB36E1 |    23|
|11    |SRL16E   |    74|
|12    |FDRE     |   834|
|13    |IBUF     |    76|
|14    |OBUF     |    75|
+------+---------+------+

Report Instance Areas: 
+------+-------------------+-----------------------------------+------+
|      |Instance           |Module                             |Cells |
+------+-------------------+-----------------------------------+------+
|1     |top                |                                   |  1681|
|2     |  data_delay_inst  |axi_stream_delay_line              |   302|
|3     |  datapath_inst    |ha_tff_datapath_top_v002           |   775|
|4     |    hasher         |ha_tff_hash_v001                   |    35|
|5     |    bank0          |ha_tff_bram_bank                   |    54|
|6     |    bank1          |ha_tff_bram_bank__parameterized0   |    62|
|7     |    bank2          |ha_tff_bram_bank__parameterized0_1 |    13|
|8     |    bank3          |ha_tff_bram_bank__parameterized0_2 |    41|
|9     |    matcher        |ha_tff_matcher_v002                |   366|
|10    |    parser         |ha_tff_parser_v002_3               |   204|
|11    |  encoder_inst     |snn_feature_encoder                |    61|
|12    |  parser_snn_inst  |ha_tff_parser_v002                 |   140|
|13    |  snn_core         |snn_tff_layer_v004                 |   246|
|14    |    neuron_anomaly |snn_tff_neuron_v004                |   105|
|15    |    neuron_safe    |snn_tff_neuron_v004_0              |   104|
+------+-------------------+-----------------------------------+------+
---------------------------------------------------------------------------------
Finished Writing Synthesis Report : Time (s): cpu = 00:00:18 ; elapsed = 00:00:40 . Memory (MB): peak = 1783.777 ; gain = 1191.691
---------------------------------------------------------------------------------
Synthesis finished with 0 errors, 0 critical warnings and 194 warnings.
Synthesis Optimization Runtime : Time (s): cpu = 00:00:18 ; elapsed = 00:00:40 . Memory (MB): peak = 1783.777 ; gain = 1191.691
Synthesis Optimization Complete : Time (s): cpu = 00:00:18 ; elapsed = 00:00:40 . Memory (MB): peak = 1783.789 ; gain = 1191.691
INFO: [Project 1-571] Translating synthesized netlist
Netlist sorting complete. Time (s): cpu = 00:00:00 ; elapsed = 00:00:00.020 . Memory (MB): peak = 1798.816 ; gain = 0.000
INFO: [Netlist 29-17] Analyzing 89 Unisim elements for replacement
INFO: [Netlist 29-28] Unisim Transformation completed in 0 CPU seconds
INFO: [Project 1-570] Preparing netlist for logic optimization
INFO: [Opt 31-138] Pushed 0 inverter(s) to 0 load pin(s).
Netlist sorting complete. Time (s): cpu = 00:00:00 ; elapsed = 00:00:00.001 . Memory (MB): peak = 1913.191 ; gain = 0.000
INFO: [Project 1-111] Unisim Transformation Summary:
No Unisim elements were transformed.

Synth Design complete | Checksum: bd0219f6
INFO: [Common 17-83] Releasing license: Vivado_Synthesis
107 Infos, 116 Warnings, 0 Critical Warnings and 0 Errors encountered.
synth_design completed successfully
synth_design: Time (s): cpu = 00:00:20 ; elapsed = 00:00:47 . Memory (MB): peak = 1914.148 ; gain = 1330.238
# create_clock -period 6.400 -name clk [get_ports clk]
# report_utilization -file utilization_report.txt
# report_timing_summary -file ../../09_Timing/timing012/timing_summary.txt
INFO: [Timing 38-35] Done setting XDC timing constraints.
INFO: [Timing 38-91] UpdateTimingParams: Speed grade: -1, Delay Type: min_max.
INFO: [Timing 38-191] Multithreading enabled for timing update using a maximum of 2 CPUs
report_timing_summary: Time (s): cpu = 00:00:04 ; elapsed = 00:00:09 . Memory (MB): peak = 1914.148 ; gain = 0.000
# write_checkpoint -force ha_tff_system_top_v004_synth.dcp
INFO: [Timing 38-480] Writing timing data to binary archive.
Write ShapeDB Complete: Time (s): cpu = 00:00:00 ; elapsed = 00:00:00.014 . Memory (MB): peak = 1914.148 ; gain = 0.000
INFO: [Common 17-1381] The checkpoint 'D:/Downloads/ha_tff/Engineering_History/08_Synthesis/synth012/ha_tff_system_top_v004_synth.dcp' has been generated.
INFO: [Common 17-206] Exiting Vivado at Fri Jun 26 18:03:53 2026...
