INFO: [Common 17-3922] A valid Vivado Design Suite BASIC license has been detected. Your current license is active and will expire on 24-jun-2027.
#-----------------------------------------------------------
# Vivado v2026.1 (64-bit)
# SW Build 6511674 on Tue Jun 16 11:02:23 MDT 2026
# IP Build 6504888 on Tue Jun 09 09:05:25 MDT 2026
# SharedData Build 6501428 on Mon Jun 08 17:34:18 MDT 2026
# Start of session at: Fri Jun 26 17:13:48 2026
# Process ID         : 16904
# Current directory  : D:/Downloads/ha_tff/Engineering_History/08_Synthesis/synth004
# Command line       : vivado.exe -mode batch -source synth.tcl
# Log file           : D:/Downloads/ha_tff/Engineering_History/08_Synthesis/synth004/vivado.log
# Journal file       : D:/Downloads/ha_tff/Engineering_History/08_Synthesis/synth004\vivado.jou
# Running On         : LAPTOP-16MV5P3N
# Platform           : Windows 11
# Operating System   : 22631
# Processor Detail   : 11th Gen Intel(R) Core(TM) i5-1135G7 @ 2.40GHz
# CPU Frequency      : 2419 MHz
# CPU Physical cores : 4
# CPU Logical cores  : 8
# Host memory        : 8362 MB
# Swap memory        : 12822 MB
# Total Virtual      : 21185 MB
# Available Virtual  : 12616 MB
#-----------------------------------------------------------
source synth.tcl
# create_project -in_memory -part xc7a100tcsg324-1
create_project: Time (s): cpu = 00:00:07 ; elapsed = 00:00:08 . Memory (MB): peak = 584.062 ; gain = 269.102
# read_verilog ../../05_RTL/rtl_v002/ha_tff_parser_v002.v
# read_verilog ../../05_RTL/rtl_v003/ha_tff_hash_v001.v
# read_verilog ../../05_RTL/rtl_v004/ha_tff_bram_bank.v
# read_verilog ../../05_RTL/rtl_v004/ha_tff_matcher.v
# read_verilog ../../05_RTL/rtl_v004/ha_tff_datapath_top.v
ERROR: [Common 17-53] User Exception: No open design. Please open an elaborated, synthesized or implemented design before executing this command.
INFO: [Common 17-206] Exiting Vivado at Fri Jun 26 17:14:00 2026...
