INFO: [Common 17-3922] A valid Vivado Design Suite BASIC license has been detected. Your current license is active and will expire on 24-jun-2027.
#-----------------------------------------------------------
# Vivado v2026.1 (64-bit)
# SW Build 6511674 on Tue Jun 16 11:02:23 MDT 2026
# IP Build 6504888 on Tue Jun 09 09:05:25 MDT 2026
# SharedData Build 6501428 on Mon Jun 08 17:34:18 MDT 2026
# Start of session at: Fri Jun 26 17:13:12 2026
# Process ID         : 19468
# Current directory  : D:/Downloads/ha_tff/Engineering_History/08_Synthesis
# Command line       : vivado.exe -mode batch -source list_parts.tcl
# Log file           : D:/Downloads/ha_tff/Engineering_History/08_Synthesis/vivado.log
# Journal file       : D:/Downloads/ha_tff/Engineering_History/08_Synthesis\vivado.jou
# Running On         : LAPTOP-16MV5P3N
# Platform           : Windows 11
# Operating System   : 22631
# Processor Detail   : 11th Gen Intel(R) Core(TM) i5-1135G7 @ 2.40GHz
# CPU Frequency      : 2419 MHz
# CPU Physical cores : 4
# CPU Logical cores  : 8
# Host memory        : 8362 MB
# Swap memory        : 12822 MB
# Total Virtual      : 21185 MB
# Available Virtual  : 12609 MB
#-----------------------------------------------------------
source list_parts.tcl
# set parts [get_parts]
# set fp [open "available_parts.txt" w]
# puts $fp $parts
# close $fp
INFO: [Common 17-206] Exiting Vivado at Fri Jun 26 17:13:15 2026...
